{"total": {"lines":{"total":951,"covered":357,"skipped":0,"pct":37.53},"statements":{"total":951,"covered":357,"skipped":0,"pct":37.53},"functions":{"total":25,"covered":2,"skipped":0,"pct":8},"branches":{"total":31,"covered":5,"skipped":0,"pct":16.12},"branchesTrue":{"total":0,"covered":0,"skipped":0,"pct":100}}
,"C:\\Users\\user\\Desktop\\New Projects\\Acquisitions\\Acquisitions\\src\\app.js": {"lines":{"total":50,"covered":48,"skipped":0,"pct":96},"functions":{"total":1,"covered":1,"skipped":0,"pct":100},"statements":{"total":50,"covered":48,"skipped":0,"pct":96},"branches":{"total":4,"covered":4,"skipped":0,"pct":100}}
,"C:\\Users\\user\\Desktop\\New Projects\\Acquisitions\\Acquisitions\\src\\server.js": {"lines":{"total":7,"covered":0,"skipped":0,"pct":0},"functions":{"total":1,"covered":0,"skipped":0,"pct":0},"statements":{"total":7,"covered":0,"skipped":0,"pct":0},"branches":{"total":1,"covered":0,"skipped":0,"pct":0}}
,"C:\\Users\\user\\Desktop\\New Projects\\Acquisitions\\Acquisitions\\src\\config\\arcjet.js": {"lines":{"total":32,"covered":32,"skipped":0,"pct":100},"functions":{"total":0,"covered":0,"skipped":0,"pct":100},"statements":{"total":32,"covered":32,"skipped":0,"pct":100},"branches":{"total":4,"covered":0,"skipped":0,"pct":0}}
,"C:\\Users\\user\\Desktop\\New Projects\\Acquisitions\\Acquisitions\\src\\config\\database.js": {"lines":{"total":48,"covered":29,"skipped":0,"pct":60.41},"functions":{"total":0,"covered":0,"skipped":0,"pct":100},"statements":{"total":48,"covered":29,"skipped":0,"pct":60.41},"branches":{"total":3,"covered":0,"skipped":0,"pct":0}}
,"C:\\Users\\user\\Desktop\\New Projects\\Acquisitions\\Acquisitions\\src\\config\\logger.js": {"lines":{"total":39,"covered":39,"skipped":0,"pct":100},"functions":{"total":0,"covered":0,"skipped":0,"pct":100},"statements":{"total":39,"covered":39,"skipped":0,"pct":100},"branches":{"total":1,"covered":0,"skipped":0,"pct":0}}
,"C:\\Users\\user\\Desktop\\New Projects\\Acquisitions\\Acquisitions\\src\\controller\\auth.controller.js": {"lines":{"total":110,"covered":11,"skipped":0,"pct":10},"functions":{"total":3,"covered":0,"skipped":0,"pct":0},"statements":{"total":110,"covered":11,"skipped":0,"pct":10},"branches":{"total":0,"covered":0,"skipped":0,"pct":100}}
,"C:\\Users\\user\\Desktop\\New Projects\\Acquisitions\\Acquisitions\\src\\controller\\users.controller.js": {"lines":{"total":176,"covered":23,"skipped":0,"pct":13.06},"functions":{"total":4,"covered":0,"skipped":0,"pct":0},"statements":{"total":176,"covered":23,"skipped":0,"pct":13.06},"branches":{"total":0,"covered":0,"skipped":0,"pct":100}}
,"C:\\Users\\user\\Desktop\\New Projects\\Acquisitions\\Acquisitions\\src\\middleware\\auth.middleware.js": {"lines":{"total":54,"covered":6,"skipped":0,"pct":11.11},"functions":{"total":2,"covered":0,"skipped":0,"pct":0},"statements":{"total":54,"covered":6,"skipped":0,"pct":11.11},"branches":{"total":0,"covered":0,"skipped":0,"pct":100}}
,"C:\\Users\\user\\Desktop\\New Projects\\Acquisitions\\Acquisitions\\src\\middleware\\security.middleware.js": {"lines":{"total":117,"covered":52,"skipped":0,"pct":44.44},"functions":{"total":1,"covered":1,"skipped":0,"pct":100},"statements":{"total":117,"covered":52,"skipped":0,"pct":44.44},"branches":{"total":16,"covered":1,"skipped":0,"pct":6.25}}
,"C:\\Users\\user\\Desktop\\New Projects\\Acquisitions\\Acquisitions\\src\\models\\users.model.js": {"lines":{"total":11,"covered":11,"skipped":0,"pct":100},"functions":{"total":0,"covered":0,"skipped":0,"pct":100},"statements":{"total":11,"covered":11,"skipped":0,"pct":100},"branches":{"total":0,"covered":0,"skipped":0,"pct":100}}
,"C:\\Users\\user\\Desktop\\New Projects\\Acquisitions\\Acquisitions\\src\\routes\\auth.routes.js": {"lines":{"total":10,"covered":10,"skipped":0,"pct":100},"functions":{"total":0,"covered":0,"skipped":0,"pct":100},"statements":{"total":10,"covered":10,"skipped":0,"pct":100},"branches":{"total":0,"covered":0,"skipped":0,"pct":100}}
,"C:\\Users\\user\\Desktop\\New Projects\\Acquisitions\\Acquisitions\\src\\routes\\users.routes.js": {"lines":{"total":20,"covered":20,"skipped":0,"pct":100},"functions":{"total":0,"covered":0,"skipped":0,"pct":100},"statements":{"total":20,"covered":20,"skipped":0,"pct":100},"branches":{"total":0,"covered":0,"skipped":0,"pct":100}}
,"C:\\Users\\user\\Desktop\\New Projects\\Acquisitions\\Acquisitions\\src\\services\\auth.service.js": {"lines":{"total":83,"covered":15,"skipped":0,"pct":18.07},"functions":{"total":4,"covered":0,"skipped":0,"pct":0},"statements":{"total":83,"covered":15,"skipped":0,"pct":18.07},"branches":{"total":0,"covered":0,"skipped":0,"pct":100}}
,"C:\\Users\\user\\Desktop\\New Projects\\Acquisitions\\Acquisitions\\src\\services\\users.service.js": {"lines":{"total":95,"covered":12,"skipped":0,"pct":12.63},"functions":{"total":4,"covered":0,"skipped":0,"pct":0},"statements":{"total":95,"covered":12,"skipped":0,"pct":12.63},"branches":{"total":0,"covered":0,"skipped":0,"pct":100}}
,"C:\\Users\\user\\Desktop\\New Projects\\Acquisitions\\Acquisitions\\src\\utils\\cookies.js": {"lines":{"total":19,"covered":0,"skipped":0,"pct":0},"functions":{"total":1,"covered":0,"skipped":0,"pct":0},"statements":{"total":19,"covered":0,"skipped":0,"pct":0},"branches":{"total":1,"covered":0,"skipped":0,"pct":0}}
,"C:\\Users\\user\\Desktop\\New Projects\\Acquisitions\\Acquisitions\\src\\utils\\format.js": {"lines":{"total":8,"covered":1,"skipped":0,"pct":12.5},"functions":{"total":1,"covered":0,"skipped":0,"pct":0},"statements":{"total":8,"covered":1,"skipped":0,"pct":12.5},"branches":{"total":0,"covered":0,"skipped":0,"pct":100}}
,"C:\\Users\\user\\Desktop\\New Projects\\Acquisitions\\Acquisitions\\src\\utils\\jwt.js": {"lines":{"total":32,"covered":16,"skipped":0,"pct":50},"functions":{"total":2,"covered":0,"skipped":0,"pct":0},"statements":{"total":32,"covered":16,"skipped":0,"pct":50},"branches":{"total":1,"covered":0,"skipped":0,"pct":0}}
,"C:\\Users\\user\\Desktop\\New Projects\\Acquisitions\\Acquisitions\\src\\validations\\auth.validation.js": {"lines":{"total":13,"covered":13,"skipped":0,"pct":100},"functions":{"total":0,"covered":0,"skipped":0,"pct":100},"statements":{"total":13,"covered":13,"skipped":0,"pct":100},"branches":{"total":0,"covered":0,"skipped":0,"pct":100}}
,"C:\\Users\\user\\Desktop\\New Projects\\Acquisitions\\Acquisitions\\src\\validations\\users.validation.js": {"lines":{"total":27,"covered":19,"skipped":0,"pct":70.37},"functions":{"total":1,"covered":0,"skipped":0,"pct":0},"statements":{"total":27,"covered":19,"skipped":0,"pct":70.37},"branches":{"total":0,"covered":0,"skipped":0,"pct":100}}
}
